
> web@0.1.0 build
> next build

⚠ Warning: Next.js inferred your workspace root, but it may not be correct.
 We detected multiple lockfiles and selected the directory of C:\Users\boonl\OneDrive\Desktop\WebApp Project\School Website\package-lock.json as the root directory.
 To silence this warning, set `turbopack.root` in your Next.js config, or consider removing one of the lockfiles if it's not needed.
   See https://nextjs.org/docs/app/api-reference/config/next-config-js/turbopack#root-directory for more information.
 Detected additional lockfiles: 
   * C:\Users\boonl\OneDrive\Desktop\WebApp Project\School Website\web\package-lock.json

▲ Next.js 16.1.6 (Turbopack)
- Environments: .env.local

  Creating an optimized production build ...
✓ Compiled successfully in 4.2s
  Running TypeScript ...
Failed to compile.

./src/components/Gallery.tsx:254:41
Type error: Property 'image_url' does not exist on type '{ id: number; category: string; title: string; desc: string; color: string; } | { id: string; category: string; title: any; desc: any; image_url: any; color: string; }'.
  Property 'image_url' does not exist on type '{ id: number; category: string; title: string; desc: string; color: string; }'.

[0m [90m 252 |[39m             [33m>[39m
 [90m 253 |[39m               [33m<[39m[33mdiv[39m className[33m=[39m{[32m`w-full h-[60vh] rounded-2xl flex items-center justify-center ${[39m
[31m[1m>[22m[39m[90m 254 |[39m [32m                filtered[lightboxIndex].image_url [39m
 [90m     |[39m                                         [31m[1m^[22m[39m
 [90m 255 |[39m [32m                  ? 'bg-black' [39m
 [90m 256 |[39m [32m                  : `bg-gradient-to-br ${filtered[lightboxIndex].color}`[39m
 [90m 257 |[39m [32m              }`[39m}[33m>[39m[0m
Next.js build worker exited with code: 1 and signal: null
